<?xml version="1.0" encoding="UTF-8"?>
<!-- Generated by org.testng.reporters.JUnitReportReporter -->
<testsuite hostname="BDC6-DX-69PFNK2" name="POM.NewTest1" tests="1" failures="0" timestamp="20 Nov 2019 09:15:53 GMT" time="23.458" errors="0">
  <testcase name="f" time="23.458" classname="POM.NewTest1"/>
</testsuite> <!-- POM.NewTest1 -->
